<?xml version="1.0" encoding="UTF-8"?>
<!-- Generated by org.testng.reporters.JUnitXMLReporter -->
<testsuite ignored="0" hostname="BRICKRED89" failures="0" tests="1" name="Test" time="0.655" errors="0" timestamp="2022-03-25T17:04:47 IST">
  <testcase classname="TEST.TestClass" name="@BeforeTest Initiatebrowser" time="0.605">
    <failure type="java.lang.IllegalStateException" message="The path to the driver executable The path to the driver executable must be set by the webdriver.gecko.driver system property; for more information, see https://github.com/mozilla/geckodriver. The latest version can be downloaded from https://github.com/mozilla/geckodriver/releases">
      <![CDATA[java.lang.IllegalStateException: The path to the driver executable The path to the driver executable must be set by the webdriver.gecko.driver system property; for more information, see https://github.com/mozilla/geckodriver. The latest version can be downloaded from https://github.com/mozilla/geckodriver/releases
at org.openqa.selenium.internal.Require$StateChecker.nonNull(Require.java:311)
at org.openqa.selenium.remote.service.DriverService.findExecutable(DriverService.java:135)
at org.openqa.selenium.firefox.GeckoDriverService.access$100(GeckoDriverService.java:44)
at org.openqa.selenium.firefox.GeckoDriverService$Builder.findDefaultExecutable(GeckoDriverService.java:185)
at org.openqa.selenium.remote.service.DriverService$Builder.build(DriverService.java:437)
at org.openqa.selenium.firefox.FirefoxDriver.toExecutor(FirefoxDriver.java:176)
at org.openqa.selenium.firefox.FirefoxDriver.<init>(FirefoxDriver.java:125)
at org.openqa.selenium.firefox.FirefoxDriver.<init>(FirefoxDriver.java:106)
at Resources.BaseClass.InitiateBrowser(BaseClass.java:27)
at TEST.TestClass.Initiatebrowser(TestClass.java:15)
... Removed 24 stack frames]]>
    </failure>
  </testcase> <!-- @BeforeTest Initiatebrowser -->
  <testcase classname="TEST.TestClass" name="chromeTest" time="0.0">
    <skipped/>
  </testcase> <!-- chromeTest -->
</testsuite> <!-- Test -->
