<?xml version="1.0" encoding="UTF-8"?>
<testng-results ignored="0" total="1" passed="1" failed="0" skipped="0">
  <reporter-output>
  </reporter-output>
  <suite started-at="2022-04-01T13:03:52 IST" name="Default suite" finished-at="2022-04-01T13:03:54 IST" duration-ms="2755">
    <groups>
    </groups>
    <test started-at="2022-04-01T13:03:52 IST" name="Default test" finished-at="2022-04-01T13:03:54 IST" duration-ms="2755">
      <class name="TEST.GetMethod">
        <test-method signature="getMethod()[pri:0, instance:TEST.GetMethod@76a2ddf3]" started-at="2022-04-01T13:03:52 IST" name="getMethod" finished-at="2022-04-01T13:03:54 IST" duration-ms="2693" status="PASS">
          <reporter-output>
          </reporter-output>
        </test-method> <!-- getMethod -->
      </class> <!-- TEST.GetMethod -->
    </test> <!-- Default test -->
  </suite> <!-- Default suite -->
</testng-results>
